mode: atomic
github.com/wojciechpawlinow/usermanagement/cmd/server/main.go:17.13,41.9 10 0
github.com/wojciechpawlinow/usermanagement/cmd/server/main.go:42.14,43.49 1 0
github.com/wojciechpawlinow/usermanagement/cmd/server/main.go:44.23,45.52 1 0
github.com/wojciechpawlinow/usermanagement/cmd/server/main.go:48.2,52.41 3 0
github.com/wojciechpawlinow/usermanagement/cmd/server/main.go:52.41,54.3 1 0
github.com/wojciechpawlinow/usermanagement/internal/domain/id.go:14.17,16.2 1 0
github.com/wojciechpawlinow/usermanagement/internal/domain/id.go:18.37,20.16 2 0
github.com/wojciechpawlinow/usermanagement/internal/domain/id.go:20.16,22.3 1 0
github.com/wojciechpawlinow/usermanagement/internal/domain/id.go:24.2,24.34 1 0
github.com/wojciechpawlinow/usermanagement/internal/domain/id.go:27.30,29.2 1 0
github.com/wojciechpawlinow/usermanagement/internal/domain/id.go:31.35,33.2 1 0
github.com/wojciechpawlinow/usermanagement/internal/domain/id.go:35.29,37.2 1 0
github.com/wojciechpawlinow/usermanagement/internal/domain/id.go:39.44,41.2 1 0
github.com/wojciechpawlinow/usermanagement/internal/domain/id.go:43.47,45.16 2 0
github.com/wojciechpawlinow/usermanagement/internal/domain/id.go:45.16,47.3 1 0
github.com/wojciechpawlinow/usermanagement/internal/domain/id.go:49.2,51.12 2 0
github.com/wojciechpawlinow/usermanagement/internal/infrastructure/container/container.go:16.25,21.54 2 0
github.com/wojciechpawlinow/usermanagement/internal/infrastructure/container/container.go:21.54,23.4 1 0
github.com/wojciechpawlinow/usermanagement/internal/infrastructure/container/container.go:24.17,26.3 1 0
github.com/wojciechpawlinow/usermanagement/internal/infrastructure/container/container.go:28.2,30.54 1 0
github.com/wojciechpawlinow/usermanagement/internal/infrastructure/container/container.go:30.54,33.4 2 0
github.com/wojciechpawlinow/usermanagement/internal/infrastructure/container/container.go:34.17,36.3 1 0
github.com/wojciechpawlinow/usermanagement/internal/infrastructure/container/container.go:38.2,40.54 1 0
github.com/wojciechpawlinow/usermanagement/internal/infrastructure/container/container.go:40.54,45.4 1 0
github.com/wojciechpawlinow/usermanagement/internal/infrastructure/container/container.go:46.17,48.3 1 0
github.com/wojciechpawlinow/usermanagement/internal/infrastructure/container/container.go:50.2,52.54 1 0
github.com/wojciechpawlinow/usermanagement/internal/infrastructure/container/container.go:52.54,57.4 1 0
github.com/wojciechpawlinow/usermanagement/internal/infrastructure/container/container.go:58.17,60.3 1 0
github.com/wojciechpawlinow/usermanagement/internal/infrastructure/container/container.go:62.2,62.24 1 0
github.com/wojciechpawlinow/usermanagement/internal/config/config.go:25.34,53.70 22 0
github.com/wojciechpawlinow/usermanagement/internal/config/config.go:53.70,58.41 4 0
github.com/wojciechpawlinow/usermanagement/internal/config/config.go:58.41,60.4 1 0
github.com/wojciechpawlinow/usermanagement/internal/config/config.go:63.2,63.19 1 0
github.com/wojciechpawlinow/usermanagement/internal/config/config.go:67.21,68.17 1 0
github.com/wojciechpawlinow/usermanagement/internal/config/config.go:68.17,70.3 1 0
github.com/wojciechpawlinow/usermanagement/internal/config/config.go:72.2,72.22 1 0
github.com/wojciechpawlinow/usermanagement/internal/infrastructure/database/mysql/connection.go:31.62,43.16 2 0
github.com/wojciechpawlinow/usermanagement/internal/infrastructure/database/mysql/connection.go:43.16,45.3 1 0
github.com/wojciechpawlinow/usermanagement/internal/infrastructure/database/mysql/connection.go:47.2,58.16 2 0
github.com/wojciechpawlinow/usermanagement/internal/infrastructure/database/mysql/connection.go:58.16,60.3 1 0
github.com/wojciechpawlinow/usermanagement/internal/infrastructure/database/mysql/connection.go:62.2,65.8 1 0
github.com/wojciechpawlinow/usermanagement/internal/infrastructure/database/mysql/connection.go:68.44,72.16 3 0
github.com/wojciechpawlinow/usermanagement/internal/infrastructure/database/mysql/connection.go:72.16,74.3 1 0
github.com/wojciechpawlinow/usermanagement/internal/infrastructure/database/mysql/connection.go:76.2,81.33 5 0
github.com/wojciechpawlinow/usermanagement/internal/infrastructure/database/mysql/connection.go:81.33,83.3 1 0
github.com/wojciechpawlinow/usermanagement/internal/infrastructure/database/mysql/connection.go:85.2,85.16 1 0
github.com/wojciechpawlinow/usermanagement/internal/infrastructure/database/mysql/repo_user.go:28.65,33.2 1 0
github.com/wojciechpawlinow/usermanagement/internal/infrastructure/database/mysql/repo_user.go:35.95,37.16 2 0
github.com/wojciechpawlinow/usermanagement/internal/infrastructure/database/mysql/repo_user.go:37.16,39.3 1 0
github.com/wojciechpawlinow/usermanagement/internal/infrastructure/database/mysql/repo_user.go:41.2,41.15 1 0
github.com/wojciechpawlinow/usermanagement/internal/infrastructure/database/mysql/repo_user.go:41.15,42.17 1 0
github.com/wojciechpawlinow/usermanagement/internal/infrastructure/database/mysql/repo_user.go:42.17,44.4 1 0
github.com/wojciechpawlinow/usermanagement/internal/infrastructure/database/mysql/repo_user.go:47.2,53.16 3 0
github.com/wojciechpawlinow/usermanagement/internal/infrastructure/database/mysql/repo_user.go:53.16,55.32 2 0
github.com/wojciechpawlinow/usermanagement/internal/infrastructure/database/mysql/repo_user.go:55.32,56.42 1 0
github.com/wojciechpawlinow/usermanagement/internal/infrastructure/database/mysql/repo_user.go:56.42,58.5 1 0
github.com/wojciechpawlinow/usermanagement/internal/infrastructure/database/mysql/repo_user.go:61.3,61.13 1 0
github.com/wojciechpawlinow/usermanagement/internal/infrastructure/database/mysql/repo_user.go:64.2,65.16 2 0
github.com/wojciechpawlinow/usermanagement/internal/infrastructure/database/mysql/repo_user.go:65.16,67.3 1 0
github.com/wojciechpawlinow/usermanagement/internal/infrastructure/database/mysql/repo_user.go:69.2,73.35 2 0
github.com/wojciechpawlinow/usermanagement/internal/infrastructure/database/mysql/repo_user.go:73.35,75.17 2 0
github.com/wojciechpawlinow/usermanagement/internal/infrastructure/database/mysql/repo_user.go:75.17,77.33 2 0
github.com/wojciechpawlinow/usermanagement/internal/infrastructure/database/mysql/repo_user.go:77.33,78.43 1 0
github.com/wojciechpawlinow/usermanagement/internal/infrastructure/database/mysql/repo_user.go:78.43,80.6 1 0
github.com/wojciechpawlinow/usermanagement/internal/infrastructure/database/mysql/repo_user.go:83.4,83.14 1 0
github.com/wojciechpawlinow/usermanagement/internal/infrastructure/database/mysql/repo_user.go:87.2,87.20 1 0
github.com/wojciechpawlinow/usermanagement/internal/infrastructure/database/mysql/repo_user.go:90.108,94.94 3 0
github.com/wojciechpawlinow/usermanagement/internal/infrastructure/database/mysql/repo_user.go:94.94,96.3 1 0
github.com/wojciechpawlinow/usermanagement/internal/infrastructure/database/mysql/repo_user.go:98.2,98.17 1 0
github.com/wojciechpawlinow/usermanagement/internal/infrastructure/database/mysql/repo_user.go:98.17,100.3 1 0
github.com/wojciechpawlinow/usermanagement/internal/infrastructure/database/mysql/repo_user.go:102.2,106.33 4 0
github.com/wojciechpawlinow/usermanagement/internal/infrastructure/database/mysql/repo_user.go:106.33,108.22 2 0
github.com/wojciechpawlinow/usermanagement/internal/infrastructure/database/mysql/repo_user.go:108.22,110.4 1 0
github.com/wojciechpawlinow/usermanagement/internal/infrastructure/database/mysql/repo_user.go:111.3,112.6 2 0
github.com/wojciechpawlinow/usermanagement/internal/infrastructure/database/mysql/repo_user.go:115.2,118.74 3 0
github.com/wojciechpawlinow/usermanagement/internal/infrastructure/database/mysql/repo_user.go:118.74,120.3 1 0
github.com/wojciechpawlinow/usermanagement/internal/infrastructure/database/mysql/repo_user.go:122.2,122.12 1 0
github.com/wojciechpawlinow/usermanagement/internal/infrastructure/database/mysql/repo_user.go:125.118,130.17 4 0
github.com/wojciechpawlinow/usermanagement/internal/infrastructure/database/mysql/repo_user.go:130.17,132.3 1 0
github.com/wojciechpawlinow/usermanagement/internal/infrastructure/database/mysql/repo_user.go:134.2,138.33 4 0
github.com/wojciechpawlinow/usermanagement/internal/infrastructure/database/mysql/repo_user.go:138.33,140.22 2 0
github.com/wojciechpawlinow/usermanagement/internal/infrastructure/database/mysql/repo_user.go:140.22,142.4 1 0
github.com/wojciechpawlinow/usermanagement/internal/infrastructure/database/mysql/repo_user.go:143.3,144.6 2 0
github.com/wojciechpawlinow/usermanagement/internal/infrastructure/database/mysql/repo_user.go:147.2,150.77 3 0
github.com/wojciechpawlinow/usermanagement/internal/infrastructure/database/mysql/repo_user.go:150.77,152.3 1 0
github.com/wojciechpawlinow/usermanagement/internal/infrastructure/database/mysql/repo_user.go:154.2,154.12 1 0
github.com/wojciechpawlinow/usermanagement/internal/infrastructure/database/mysql/repo_user.go:157.122,176.2 3 0
github.com/wojciechpawlinow/usermanagement/internal/infrastructure/database/mysql/repo_user.go:178.74,180.16 2 0
github.com/wojciechpawlinow/usermanagement/internal/infrastructure/database/mysql/repo_user.go:180.16,182.3 1 0
github.com/wojciechpawlinow/usermanagement/internal/infrastructure/database/mysql/repo_user.go:184.2,184.15 1 0
github.com/wojciechpawlinow/usermanagement/internal/infrastructure/database/mysql/repo_user.go:184.15,185.17 1 0
github.com/wojciechpawlinow/usermanagement/internal/infrastructure/database/mysql/repo_user.go:185.17,187.4 1 0
github.com/wojciechpawlinow/usermanagement/internal/infrastructure/database/mysql/repo_user.go:190.2,194.17 4 0
github.com/wojciechpawlinow/usermanagement/internal/infrastructure/database/mysql/repo_user.go:194.17,196.3 1 0
github.com/wojciechpawlinow/usermanagement/internal/infrastructure/database/mysql/repo_user.go:198.2,201.76 3 0
github.com/wojciechpawlinow/usermanagement/internal/infrastructure/database/mysql/repo_user.go:201.76,203.3 1 0
github.com/wojciechpawlinow/usermanagement/internal/infrastructure/database/mysql/repo_user.go:205.2,206.81 2 0
github.com/wojciechpawlinow/usermanagement/internal/infrastructure/database/mysql/repo_user.go:206.81,208.3 1 0
github.com/wojciechpawlinow/usermanagement/internal/infrastructure/database/mysql/repo_user.go:210.2,210.20 1 0
github.com/wojciechpawlinow/usermanagement/internal/infrastructure/database/mysql/repo_user.go:213.91,220.16 5 0
github.com/wojciechpawlinow/usermanagement/internal/infrastructure/database/mysql/repo_user.go:220.16,221.36 1 0
github.com/wojciechpawlinow/usermanagement/internal/infrastructure/database/mysql/repo_user.go:221.36,223.4 1 0
github.com/wojciechpawlinow/usermanagement/internal/infrastructure/database/mysql/repo_user.go:224.3,224.58 1 0
github.com/wojciechpawlinow/usermanagement/internal/infrastructure/database/mysql/repo_user.go:227.2,231.16 4 0
github.com/wojciechpawlinow/usermanagement/internal/infrastructure/database/mysql/repo_user.go:231.16,233.3 1 0
github.com/wojciechpawlinow/usermanagement/internal/infrastructure/database/mysql/repo_user.go:234.2,236.18 2 0
github.com/wojciechpawlinow/usermanagement/internal/infrastructure/database/mysql/repo_user.go:236.18,238.149 2 0
github.com/wojciechpawlinow/usermanagement/internal/infrastructure/database/mysql/repo_user.go:238.149,240.4 1 0
github.com/wojciechpawlinow/usermanagement/internal/infrastructure/database/mysql/repo_user.go:242.3,251.59 2 0
github.com/wojciechpawlinow/usermanagement/internal/infrastructure/database/mysql/repo_user.go:254.2,265.24 3 0
github.com/wojciechpawlinow/usermanagement/internal/infrastructure/database/mysql/repo_user.go:268.93,276.16 5 0
github.com/wojciechpawlinow/usermanagement/internal/infrastructure/database/mysql/repo_user.go:276.16,278.3 1 0
github.com/wojciechpawlinow/usermanagement/internal/infrastructure/database/mysql/repo_user.go:280.2,280.23 1 0
github.com/wojciechpawlinow/usermanagement/internal/infrastructure/database/mysql/repo_user.go:280.23,282.138 2 0
github.com/wojciechpawlinow/usermanagement/internal/infrastructure/database/mysql/repo_user.go:282.138,284.4 1 0
github.com/wojciechpawlinow/usermanagement/internal/infrastructure/database/mysql/repo_user.go:286.3,291.17 4 0
github.com/wojciechpawlinow/usermanagement/internal/infrastructure/database/mysql/repo_user.go:291.17,293.4 1 0
github.com/wojciechpawlinow/usermanagement/internal/infrastructure/database/mysql/repo_user.go:295.3,295.28 1 0
github.com/wojciechpawlinow/usermanagement/internal/infrastructure/database/mysql/repo_user.go:295.28,297.158 2 0
github.com/wojciechpawlinow/usermanagement/internal/infrastructure/database/mysql/repo_user.go:297.158,299.5 1 0
github.com/wojciechpawlinow/usermanagement/internal/infrastructure/database/mysql/repo_user.go:301.4,310.60 2 0
github.com/wojciechpawlinow/usermanagement/internal/infrastructure/database/mysql/repo_user.go:313.3,324.48 3 0
github.com/wojciechpawlinow/usermanagement/internal/infrastructure/database/mysql/repo_user.go:327.2,327.25 1 0
github.com/wojciechpawlinow/usermanagement/internal/infrastructure/httpserver/server.go:29.77,52.12 9 0
github.com/wojciechpawlinow/usermanagement/internal/infrastructure/httpserver/server.go:52.12,53.92 1 0
github.com/wojciechpawlinow/usermanagement/internal/infrastructure/httpserver/server.go:53.92,55.4 1 0
github.com/wojciechpawlinow/usermanagement/internal/infrastructure/httpserver/server.go:58.2,60.10 2 0
github.com/wojciechpawlinow/usermanagement/internal/infrastructure/httpserver/server.go:64.56,69.2 3 0
github.com/wojciechpawlinow/usermanagement/pkg/time/time.go:11.43,13.2 1 0
github.com/wojciechpawlinow/usermanagement/pkg/time/time.go:15.40,21.2 4 0
github.com/wojciechpawlinow/usermanagement/tests/mocks/applicaion/service/user_mock.go:18.89,22.2 2 0
github.com/wojciechpawlinow/usermanagement/tests/mocks/applicaion/service/user_mock.go:24.104,28.2 2 0
github.com/wojciechpawlinow/usermanagement/tests/mocks/applicaion/service/user_mock.go:30.76,34.2 2 0
github.com/wojciechpawlinow/usermanagement/tests/mocks/applicaion/service/user_mock.go:36.94,39.49 2 0
github.com/wojciechpawlinow/usermanagement/tests/mocks/applicaion/service/user_mock.go:39.49,41.3 1 0
github.com/wojciechpawlinow/usermanagement/tests/mocks/applicaion/service/user_mock.go:43.2,43.27 1 0
github.com/wojciechpawlinow/usermanagement/tests/mocks/applicaion/service/user_mock.go:46.93,49.47 2 0
github.com/wojciechpawlinow/usermanagement/tests/mocks/applicaion/service/user_mock.go:49.47,51.3 1 0
github.com/wojciechpawlinow/usermanagement/tests/mocks/applicaion/service/user_mock.go:53.2,53.27 1 0
github.com/wojciechpawlinow/usermanagement/tests/mocks/domain/time_mock.go:17.47,21.2 2 0
github.com/wojciechpawlinow/usermanagement/tests/mocks/infrastructure/database/mysql/repo_user_mock.go:19.99,23.2 2 0
github.com/wojciechpawlinow/usermanagement/tests/mocks/infrastructure/database/mysql/repo_user_mock.go:25.112,29.2 2 0
github.com/wojciechpawlinow/usermanagement/tests/mocks/infrastructure/database/mysql/repo_user_mock.go:31.122,35.2 2 0
github.com/wojciechpawlinow/usermanagement/tests/mocks/infrastructure/database/mysql/repo_user_mock.go:37.126,41.2 2 0
github.com/wojciechpawlinow/usermanagement/tests/mocks/infrastructure/database/mysql/repo_user_mock.go:43.78,47.2 2 0
github.com/wojciechpawlinow/usermanagement/tests/mocks/infrastructure/database/mysql/repo_user_mock.go:49.95,52.45 2 0
github.com/wojciechpawlinow/usermanagement/tests/mocks/infrastructure/database/mysql/repo_user_mock.go:52.45,54.3 1 0
github.com/wojciechpawlinow/usermanagement/tests/mocks/infrastructure/database/mysql/repo_user_mock.go:56.2,56.27 1 0
github.com/wojciechpawlinow/usermanagement/tests/mocks/infrastructure/database/mysql/repo_user_mock.go:59.97,62.47 2 0
github.com/wojciechpawlinow/usermanagement/tests/mocks/infrastructure/database/mysql/repo_user_mock.go:62.47,64.3 1 0
github.com/wojciechpawlinow/usermanagement/tests/mocks/infrastructure/database/mysql/repo_user_mock.go:66.2,66.27 1 0
github.com/wojciechpawlinow/usermanagement/internal/application/service/user.go:64.94,69.2 1 18
github.com/wojciechpawlinow/usermanagement/internal/application/service/user.go:71.77,82.37 2 3
github.com/wojciechpawlinow/usermanagement/internal/application/service/user.go:82.37,91.3 1 3
github.com/wojciechpawlinow/usermanagement/internal/application/service/user.go:93.2,93.75 1 3
github.com/wojciechpawlinow/usermanagement/internal/application/service/user.go:93.75,94.49 1 2
github.com/wojciechpawlinow/usermanagement/internal/application/service/user.go:94.49,96.4 1 1
github.com/wojciechpawlinow/usermanagement/internal/application/service/user.go:97.3,100.13 3 1
github.com/wojciechpawlinow/usermanagement/internal/application/service/user.go:103.2,103.12 1 1
github.com/wojciechpawlinow/usermanagement/internal/application/service/user.go:106.92,109.16 3 5
github.com/wojciechpawlinow/usermanagement/internal/application/service/user.go:109.16,111.3 1 1
github.com/wojciechpawlinow/usermanagement/internal/application/service/user.go:113.2,113.25 1 4
github.com/wojciechpawlinow/usermanagement/internal/application/service/user.go:113.25,115.3 1 0
github.com/wojciechpawlinow/usermanagement/internal/application/service/user.go:116.2,116.26 1 4
github.com/wojciechpawlinow/usermanagement/internal/application/service/user.go:116.26,118.3 1 2
github.com/wojciechpawlinow/usermanagement/internal/application/service/user.go:119.2,119.25 1 4
github.com/wojciechpawlinow/usermanagement/internal/application/service/user.go:119.25,121.3 1 1
github.com/wojciechpawlinow/usermanagement/internal/application/service/user.go:122.2,122.28 1 4
github.com/wojciechpawlinow/usermanagement/internal/application/service/user.go:122.28,124.3 1 1
github.com/wojciechpawlinow/usermanagement/internal/application/service/user.go:126.2,126.25 1 4
github.com/wojciechpawlinow/usermanagement/internal/application/service/user.go:126.25,127.74 1 2
github.com/wojciechpawlinow/usermanagement/internal/application/service/user.go:127.74,132.4 3 1
github.com/wojciechpawlinow/usermanagement/internal/application/service/user.go:135.2,135.37 1 3
github.com/wojciechpawlinow/usermanagement/internal/application/service/user.go:135.37,138.25 2 3
github.com/wojciechpawlinow/usermanagement/internal/application/service/user.go:138.25,140.4 1 3
github.com/wojciechpawlinow/usermanagement/internal/application/service/user.go:141.3,141.23 1 3
github.com/wojciechpawlinow/usermanagement/internal/application/service/user.go:141.23,143.4 1 3
github.com/wojciechpawlinow/usermanagement/internal/application/service/user.go:144.3,144.24 1 3
github.com/wojciechpawlinow/usermanagement/internal/application/service/user.go:144.24,146.4 1 3
github.com/wojciechpawlinow/usermanagement/internal/application/service/user.go:147.3,147.29 1 3
github.com/wojciechpawlinow/usermanagement/internal/application/service/user.go:147.29,149.4 1 3
github.com/wojciechpawlinow/usermanagement/internal/application/service/user.go:150.3,150.26 1 3
github.com/wojciechpawlinow/usermanagement/internal/application/service/user.go:150.26,152.4 1 3
github.com/wojciechpawlinow/usermanagement/internal/application/service/user.go:154.3,154.26 1 3
github.com/wojciechpawlinow/usermanagement/internal/application/service/user.go:154.26,155.82 1 3
github.com/wojciechpawlinow/usermanagement/internal/application/service/user.go:155.82,156.48 1 2
github.com/wojciechpawlinow/usermanagement/internal/application/service/user.go:156.48,160.28 2 1
github.com/wojciechpawlinow/usermanagement/internal/application/service/user.go:160.28,162.7 1 1
github.com/wojciechpawlinow/usermanagement/internal/application/service/user.go:163.6,163.26 1 1
github.com/wojciechpawlinow/usermanagement/internal/application/service/user.go:163.26,165.7 1 1
github.com/wojciechpawlinow/usermanagement/internal/application/service/user.go:166.6,166.27 1 1
github.com/wojciechpawlinow/usermanagement/internal/application/service/user.go:166.27,168.7 1 1
github.com/wojciechpawlinow/usermanagement/internal/application/service/user.go:169.6,169.32 1 1
github.com/wojciechpawlinow/usermanagement/internal/application/service/user.go:169.32,171.7 1 1
github.com/wojciechpawlinow/usermanagement/internal/application/service/user.go:172.6,172.29 1 1
github.com/wojciechpawlinow/usermanagement/internal/application/service/user.go:172.29,174.7 1 1
github.com/wojciechpawlinow/usermanagement/internal/application/service/user.go:176.6,176.95 1 1
github.com/wojciechpawlinow/usermanagement/internal/application/service/user.go:176.95,181.7 3 1
github.com/wojciechpawlinow/usermanagement/internal/application/service/user.go:182.11,187.6 3 1
github.com/wojciechpawlinow/usermanagement/internal/application/service/user.go:189.5,189.15 1 0
github.com/wojciechpawlinow/usermanagement/internal/application/service/user.go:194.2,194.12 1 1
github.com/wojciechpawlinow/usermanagement/internal/application/service/user.go:197.72,199.16 2 4
github.com/wojciechpawlinow/usermanagement/internal/application/service/user.go:199.16,201.3 1 1
github.com/wojciechpawlinow/usermanagement/internal/application/service/user.go:203.2,203.50 1 3
github.com/wojciechpawlinow/usermanagement/internal/application/service/user.go:203.50,204.39 1 2
github.com/wojciechpawlinow/usermanagement/internal/application/service/user.go:204.39,206.4 1 1
github.com/wojciechpawlinow/usermanagement/internal/application/service/user.go:208.3,211.13 3 1
github.com/wojciechpawlinow/usermanagement/internal/application/service/user.go:214.2,214.12 1 1
github.com/wojciechpawlinow/usermanagement/internal/application/service/user.go:217.90,219.2 1 2
github.com/wojciechpawlinow/usermanagement/internal/application/service/user.go:221.89,223.16 2 4
github.com/wojciechpawlinow/usermanagement/internal/application/service/user.go:223.16,225.3 1 1
github.com/wojciechpawlinow/usermanagement/internal/application/service/user.go:227.2,227.38 1 3
github.com/wojciechpawlinow/usermanagement/internal/config/config.go:25.34,53.70 22 1
github.com/wojciechpawlinow/usermanagement/internal/config/config.go:53.70,58.41 4 1
github.com/wojciechpawlinow/usermanagement/internal/config/config.go:58.41,60.4 1 1
github.com/wojciechpawlinow/usermanagement/internal/config/config.go:63.2,63.19 1 1
github.com/wojciechpawlinow/usermanagement/internal/config/config.go:67.21,68.17 1 1
github.com/wojciechpawlinow/usermanagement/internal/config/config.go:68.17,70.3 1 1
github.com/wojciechpawlinow/usermanagement/internal/config/config.go:72.2,72.22 1 1
github.com/wojciechpawlinow/usermanagement/internal/domain/id.go:14.17,16.2 1 15
github.com/wojciechpawlinow/usermanagement/internal/domain/id.go:18.37,20.16 2 13
github.com/wojciechpawlinow/usermanagement/internal/domain/id.go:20.16,22.3 1 3
github.com/wojciechpawlinow/usermanagement/internal/domain/id.go:24.2,24.34 1 10
github.com/wojciechpawlinow/usermanagement/internal/domain/id.go:27.30,29.2 1 28
github.com/wojciechpawlinow/usermanagement/internal/domain/id.go:31.35,33.2 1 0
github.com/wojciechpawlinow/usermanagement/internal/domain/id.go:35.29,37.2 1 0
github.com/wojciechpawlinow/usermanagement/internal/domain/id.go:39.44,41.2 1 0
github.com/wojciechpawlinow/usermanagement/internal/domain/id.go:43.47,45.16 2 0
github.com/wojciechpawlinow/usermanagement/internal/domain/id.go:45.16,47.3 1 0
github.com/wojciechpawlinow/usermanagement/internal/domain/id.go:49.2,51.12 2 0
github.com/wojciechpawlinow/usermanagement/tests/mocks/domain/time_mock.go:17.47,21.2 2 4
github.com/wojciechpawlinow/usermanagement/tests/mocks/infrastructure/database/mysql/repo_user_mock.go:19.99,23.2 2 3
github.com/wojciechpawlinow/usermanagement/tests/mocks/infrastructure/database/mysql/repo_user_mock.go:25.112,29.2 2 2
github.com/wojciechpawlinow/usermanagement/tests/mocks/infrastructure/database/mysql/repo_user_mock.go:31.122,35.2 2 3
github.com/wojciechpawlinow/usermanagement/tests/mocks/infrastructure/database/mysql/repo_user_mock.go:37.126,41.2 2 1
github.com/wojciechpawlinow/usermanagement/tests/mocks/infrastructure/database/mysql/repo_user_mock.go:43.78,47.2 2 3
github.com/wojciechpawlinow/usermanagement/tests/mocks/infrastructure/database/mysql/repo_user_mock.go:49.95,52.45 2 3
github.com/wojciechpawlinow/usermanagement/tests/mocks/infrastructure/database/mysql/repo_user_mock.go:52.45,54.3 1 1
github.com/wojciechpawlinow/usermanagement/tests/mocks/infrastructure/database/mysql/repo_user_mock.go:56.2,56.27 1 2
github.com/wojciechpawlinow/usermanagement/tests/mocks/infrastructure/database/mysql/repo_user_mock.go:59.97,62.47 2 2
github.com/wojciechpawlinow/usermanagement/tests/mocks/infrastructure/database/mysql/repo_user_mock.go:62.47,64.3 1 1
github.com/wojciechpawlinow/usermanagement/tests/mocks/infrastructure/database/mysql/repo_user_mock.go:66.2,66.27 1 1
github.com/wojciechpawlinow/usermanagement/internal/config/config.go:25.34,53.70 22 0
github.com/wojciechpawlinow/usermanagement/internal/config/config.go:53.70,58.41 4 0
github.com/wojciechpawlinow/usermanagement/internal/config/config.go:58.41,60.4 1 0
github.com/wojciechpawlinow/usermanagement/internal/config/config.go:63.2,63.19 1 0
github.com/wojciechpawlinow/usermanagement/internal/config/config.go:67.21,68.17 1 0
github.com/wojciechpawlinow/usermanagement/internal/config/config.go:68.17,70.3 1 0
github.com/wojciechpawlinow/usermanagement/internal/config/config.go:72.2,72.22 1 0
github.com/wojciechpawlinow/usermanagement/pkg/logger/logger.go:16.33,19.36 2 4
github.com/wojciechpawlinow/usermanagement/pkg/logger/logger.go:20.15,21.29 1 1
github.com/wojciechpawlinow/usermanagement/pkg/logger/logger.go:22.14,23.28 1 1
github.com/wojciechpawlinow/usermanagement/pkg/logger/logger.go:24.15,25.29 1 1
github.com/wojciechpawlinow/usermanagement/pkg/logger/logger.go:26.10,27.28 1 1
github.com/wojciechpawlinow/usermanagement/pkg/logger/logger.go:29.2,36.27 3 4
github.com/wojciechpawlinow/usermanagement/pkg/logger/logger.go:40.33,42.2 1 0
github.com/wojciechpawlinow/usermanagement/pkg/logger/logger.go:45.32,47.2 1 0
github.com/wojciechpawlinow/usermanagement/pkg/logger/logger.go:50.33,52.2 1 0
github.com/wojciechpawlinow/usermanagement/pkg/logger/logger.go:55.33,57.2 1 0
github.com/wojciechpawlinow/usermanagement/internal/config/config.go:25.34,53.70 22 1
github.com/wojciechpawlinow/usermanagement/internal/config/config.go:53.70,58.41 4 1
github.com/wojciechpawlinow/usermanagement/internal/config/config.go:58.41,60.4 1 1
github.com/wojciechpawlinow/usermanagement/internal/config/config.go:63.2,63.19 1 1
github.com/wojciechpawlinow/usermanagement/internal/config/config.go:67.21,68.17 1 2
github.com/wojciechpawlinow/usermanagement/internal/config/config.go:68.17,70.3 1 1
github.com/wojciechpawlinow/usermanagement/internal/config/config.go:72.2,72.22 1 2
github.com/wojciechpawlinow/usermanagement/internal/domain/id.go:14.17,16.2 1 1
github.com/wojciechpawlinow/usermanagement/internal/domain/id.go:18.37,20.16 2 4
github.com/wojciechpawlinow/usermanagement/internal/domain/id.go:20.16,22.3 1 0
github.com/wojciechpawlinow/usermanagement/internal/domain/id.go:24.2,24.34 1 4
github.com/wojciechpawlinow/usermanagement/internal/domain/id.go:27.30,29.2 1 8
github.com/wojciechpawlinow/usermanagement/internal/domain/id.go:31.35,33.2 1 0
github.com/wojciechpawlinow/usermanagement/internal/domain/id.go:35.29,37.2 1 0
github.com/wojciechpawlinow/usermanagement/internal/domain/id.go:39.44,41.2 1 1
github.com/wojciechpawlinow/usermanagement/internal/domain/id.go:43.47,45.16 2 0
github.com/wojciechpawlinow/usermanagement/internal/domain/id.go:45.16,47.3 1 0
github.com/wojciechpawlinow/usermanagement/internal/domain/id.go:49.2,51.12 2 0
github.com/wojciechpawlinow/usermanagement/internal/infrastructure/container/container.go:16.25,21.54 2 1
github.com/wojciechpawlinow/usermanagement/internal/infrastructure/container/container.go:21.54,23.4 1 1
github.com/wojciechpawlinow/usermanagement/internal/infrastructure/container/container.go:24.17,26.3 1 0
github.com/wojciechpawlinow/usermanagement/internal/infrastructure/container/container.go:28.2,30.54 1 1
github.com/wojciechpawlinow/usermanagement/internal/infrastructure/container/container.go:30.54,33.4 2 1
github.com/wojciechpawlinow/usermanagement/internal/infrastructure/container/container.go:34.17,36.3 1 0
github.com/wojciechpawlinow/usermanagement/internal/infrastructure/container/container.go:38.2,40.54 1 1
github.com/wojciechpawlinow/usermanagement/internal/infrastructure/container/container.go:40.54,45.4 1 1
github.com/wojciechpawlinow/usermanagement/internal/infrastructure/container/container.go:46.17,48.3 1 0
github.com/wojciechpawlinow/usermanagement/internal/infrastructure/container/container.go:50.2,52.54 1 1
github.com/wojciechpawlinow/usermanagement/internal/infrastructure/container/container.go:52.54,57.4 1 1
github.com/wojciechpawlinow/usermanagement/internal/infrastructure/container/container.go:58.17,60.3 1 0
github.com/wojciechpawlinow/usermanagement/internal/infrastructure/container/container.go:62.2,62.24 1 1
github.com/wojciechpawlinow/usermanagement/internal/infrastructure/database/mysql/connection.go:31.62,43.16 2 1
github.com/wojciechpawlinow/usermanagement/internal/infrastructure/database/mysql/connection.go:43.16,45.3 1 0
github.com/wojciechpawlinow/usermanagement/internal/infrastructure/database/mysql/connection.go:47.2,58.16 2 1
github.com/wojciechpawlinow/usermanagement/internal/infrastructure/database/mysql/connection.go:58.16,60.3 1 0
github.com/wojciechpawlinow/usermanagement/internal/infrastructure/database/mysql/connection.go:62.2,65.8 1 1
github.com/wojciechpawlinow/usermanagement/internal/infrastructure/database/mysql/connection.go:68.44,72.16 3 2
github.com/wojciechpawlinow/usermanagement/internal/infrastructure/database/mysql/connection.go:72.16,74.3 1 0
github.com/wojciechpawlinow/usermanagement/internal/infrastructure/database/mysql/connection.go:76.2,81.33 5 2
github.com/wojciechpawlinow/usermanagement/internal/infrastructure/database/mysql/connection.go:81.33,83.3 1 0
github.com/wojciechpawlinow/usermanagement/internal/infrastructure/database/mysql/connection.go:85.2,85.16 1 2
github.com/wojciechpawlinow/usermanagement/internal/infrastructure/database/mysql/repo_user.go:28.65,33.2 1 1
github.com/wojciechpawlinow/usermanagement/internal/infrastructure/database/mysql/repo_user.go:35.95,37.16 2 1
github.com/wojciechpawlinow/usermanagement/internal/infrastructure/database/mysql/repo_user.go:37.16,39.3 1 0
github.com/wojciechpawlinow/usermanagement/internal/infrastructure/database/mysql/repo_user.go:41.2,41.15 1 1
github.com/wojciechpawlinow/usermanagement/internal/infrastructure/database/mysql/repo_user.go:41.15,42.17 1 1
github.com/wojciechpawlinow/usermanagement/internal/infrastructure/database/mysql/repo_user.go:42.17,44.4 1 0
github.com/wojciechpawlinow/usermanagement/internal/infrastructure/database/mysql/repo_user.go:47.2,53.16 3 1
github.com/wojciechpawlinow/usermanagement/internal/infrastructure/database/mysql/repo_user.go:53.16,55.32 2 0
github.com/wojciechpawlinow/usermanagement/internal/infrastructure/database/mysql/repo_user.go:55.32,56.42 1 0
github.com/wojciechpawlinow/usermanagement/internal/infrastructure/database/mysql/repo_user.go:56.42,58.5 1 0
github.com/wojciechpawlinow/usermanagement/internal/infrastructure/database/mysql/repo_user.go:61.3,61.13 1 0
github.com/wojciechpawlinow/usermanagement/internal/infrastructure/database/mysql/repo_user.go:64.2,65.16 2 1
github.com/wojciechpawlinow/usermanagement/internal/infrastructure/database/mysql/repo_user.go:65.16,67.3 1 0
github.com/wojciechpawlinow/usermanagement/internal/infrastructure/database/mysql/repo_user.go:69.2,73.35 2 1
github.com/wojciechpawlinow/usermanagement/internal/infrastructure/database/mysql/repo_user.go:73.35,75.17 2 1
github.com/wojciechpawlinow/usermanagement/internal/infrastructure/database/mysql/repo_user.go:75.17,77.33 2 0
github.com/wojciechpawlinow/usermanagement/internal/infrastructure/database/mysql/repo_user.go:77.33,78.43 1 0
github.com/wojciechpawlinow/usermanagement/internal/infrastructure/database/mysql/repo_user.go:78.43,80.6 1 0
github.com/wojciechpawlinow/usermanagement/internal/infrastructure/database/mysql/repo_user.go:83.4,83.14 1 0
github.com/wojciechpawlinow/usermanagement/internal/infrastructure/database/mysql/repo_user.go:87.2,87.20 1 1
github.com/wojciechpawlinow/usermanagement/internal/infrastructure/database/mysql/repo_user.go:90.108,94.94 3 1
github.com/wojciechpawlinow/usermanagement/internal/infrastructure/database/mysql/repo_user.go:94.94,96.3 1 0
github.com/wojciechpawlinow/usermanagement/internal/infrastructure/database/mysql/repo_user.go:98.2,98.17 1 1
github.com/wojciechpawlinow/usermanagement/internal/infrastructure/database/mysql/repo_user.go:98.17,100.3 1 0
github.com/wojciechpawlinow/usermanagement/internal/infrastructure/database/mysql/repo_user.go:102.2,106.33 4 1
github.com/wojciechpawlinow/usermanagement/internal/infrastructure/database/mysql/repo_user.go:106.33,108.22 2 1
github.com/wojciechpawlinow/usermanagement/internal/infrastructure/database/mysql/repo_user.go:108.22,110.4 1 0
github.com/wojciechpawlinow/usermanagement/internal/infrastructure/database/mysql/repo_user.go:111.3,112.6 2 1
github.com/wojciechpawlinow/usermanagement/internal/infrastructure/database/mysql/repo_user.go:115.2,118.74 3 1
github.com/wojciechpawlinow/usermanagement/internal/infrastructure/database/mysql/repo_user.go:118.74,120.3 1 0
github.com/wojciechpawlinow/usermanagement/internal/infrastructure/database/mysql/repo_user.go:122.2,122.12 1 1
github.com/wojciechpawlinow/usermanagement/internal/infrastructure/database/mysql/repo_user.go:125.118,130.17 4 1
github.com/wojciechpawlinow/usermanagement/internal/infrastructure/database/mysql/repo_user.go:130.17,132.3 1 1
github.com/wojciechpawlinow/usermanagement/internal/infrastructure/database/mysql/repo_user.go:134.2,138.33 4 0
github.com/wojciechpawlinow/usermanagement/internal/infrastructure/database/mysql/repo_user.go:138.33,140.22 2 0
github.com/wojciechpawlinow/usermanagement/internal/infrastructure/database/mysql/repo_user.go:140.22,142.4 1 0
github.com/wojciechpawlinow/usermanagement/internal/infrastructure/database/mysql/repo_user.go:143.3,144.6 2 0
github.com/wojciechpawlinow/usermanagement/internal/infrastructure/database/mysql/repo_user.go:147.2,150.77 3 0
github.com/wojciechpawlinow/usermanagement/internal/infrastructure/database/mysql/repo_user.go:150.77,152.3 1 0
github.com/wojciechpawlinow/usermanagement/internal/infrastructure/database/mysql/repo_user.go:154.2,154.12 1 0
github.com/wojciechpawlinow/usermanagement/internal/infrastructure/database/mysql/repo_user.go:157.122,176.2 3 1
github.com/wojciechpawlinow/usermanagement/internal/infrastructure/database/mysql/repo_user.go:178.74,180.16 2 1
github.com/wojciechpawlinow/usermanagement/internal/infrastructure/database/mysql/repo_user.go:180.16,182.3 1 0
github.com/wojciechpawlinow/usermanagement/internal/infrastructure/database/mysql/repo_user.go:184.2,184.15 1 1
github.com/wojciechpawlinow/usermanagement/internal/infrastructure/database/mysql/repo_user.go:184.15,185.17 1 1
github.com/wojciechpawlinow/usermanagement/internal/infrastructure/database/mysql/repo_user.go:185.17,187.4 1 0
github.com/wojciechpawlinow/usermanagement/internal/infrastructure/database/mysql/repo_user.go:190.2,194.17 4 1
github.com/wojciechpawlinow/usermanagement/internal/infrastructure/database/mysql/repo_user.go:194.17,196.3 1 0
github.com/wojciechpawlinow/usermanagement/internal/infrastructure/database/mysql/repo_user.go:198.2,201.76 3 1
github.com/wojciechpawlinow/usermanagement/internal/infrastructure/database/mysql/repo_user.go:201.76,203.3 1 0
github.com/wojciechpawlinow/usermanagement/internal/infrastructure/database/mysql/repo_user.go:205.2,206.81 2 1
github.com/wojciechpawlinow/usermanagement/internal/infrastructure/database/mysql/repo_user.go:206.81,208.3 1 0
github.com/wojciechpawlinow/usermanagement/internal/infrastructure/database/mysql/repo_user.go:210.2,210.20 1 1
github.com/wojciechpawlinow/usermanagement/internal/infrastructure/database/mysql/repo_user.go:213.91,220.16 5 1
github.com/wojciechpawlinow/usermanagement/internal/infrastructure/database/mysql/repo_user.go:220.16,221.36 1 0
github.com/wojciechpawlinow/usermanagement/internal/infrastructure/database/mysql/repo_user.go:221.36,223.4 1 0
github.com/wojciechpawlinow/usermanagement/internal/infrastructure/database/mysql/repo_user.go:224.3,224.58 1 0
github.com/wojciechpawlinow/usermanagement/internal/infrastructure/database/mysql/repo_user.go:227.2,231.16 4 1
github.com/wojciechpawlinow/usermanagement/internal/infrastructure/database/mysql/repo_user.go:231.16,233.3 1 0
github.com/wojciechpawlinow/usermanagement/internal/infrastructure/database/mysql/repo_user.go:234.2,236.18 2 1
github.com/wojciechpawlinow/usermanagement/internal/infrastructure/database/mysql/repo_user.go:236.18,238.149 2 1
github.com/wojciechpawlinow/usermanagement/internal/infrastructure/database/mysql/repo_user.go:238.149,240.4 1 0
github.com/wojciechpawlinow/usermanagement/internal/infrastructure/database/mysql/repo_user.go:242.3,251.59 2 1
github.com/wojciechpawlinow/usermanagement/internal/infrastructure/database/mysql/repo_user.go:254.2,265.24 3 1
github.com/wojciechpawlinow/usermanagement/internal/infrastructure/database/mysql/repo_user.go:268.93,276.16 5 0
github.com/wojciechpawlinow/usermanagement/internal/infrastructure/database/mysql/repo_user.go:276.16,278.3 1 0
github.com/wojciechpawlinow/usermanagement/internal/infrastructure/database/mysql/repo_user.go:280.2,280.23 1 0
github.com/wojciechpawlinow/usermanagement/internal/infrastructure/database/mysql/repo_user.go:280.23,282.138 2 0
github.com/wojciechpawlinow/usermanagement/internal/infrastructure/database/mysql/repo_user.go:282.138,284.4 1 0
github.com/wojciechpawlinow/usermanagement/internal/infrastructure/database/mysql/repo_user.go:286.3,291.17 4 0
github.com/wojciechpawlinow/usermanagement/internal/infrastructure/database/mysql/repo_user.go:291.17,293.4 1 0
github.com/wojciechpawlinow/usermanagement/internal/infrastructure/database/mysql/repo_user.go:295.3,295.28 1 0
github.com/wojciechpawlinow/usermanagement/internal/infrastructure/database/mysql/repo_user.go:295.28,297.158 2 0
github.com/wojciechpawlinow/usermanagement/internal/infrastructure/database/mysql/repo_user.go:297.158,299.5 1 0
github.com/wojciechpawlinow/usermanagement/internal/infrastructure/database/mysql/repo_user.go:301.4,310.60 2 0
github.com/wojciechpawlinow/usermanagement/internal/infrastructure/database/mysql/repo_user.go:313.3,324.48 3 0
github.com/wojciechpawlinow/usermanagement/internal/infrastructure/database/mysql/repo_user.go:327.2,327.25 1 0
github.com/wojciechpawlinow/usermanagement/pkg/time/time.go:11.43,13.2 1 1
github.com/wojciechpawlinow/usermanagement/pkg/time/time.go:15.40,21.2 4 2
github.com/wojciechpawlinow/usermanagement/internal/config/config.go:25.34,53.70 22 1
github.com/wojciechpawlinow/usermanagement/internal/config/config.go:53.70,58.41 4 1
github.com/wojciechpawlinow/usermanagement/internal/config/config.go:58.41,60.4 1 1
github.com/wojciechpawlinow/usermanagement/internal/config/config.go:63.2,63.19 1 1
github.com/wojciechpawlinow/usermanagement/internal/config/config.go:67.21,68.17 1 1
github.com/wojciechpawlinow/usermanagement/internal/config/config.go:68.17,70.3 1 1
github.com/wojciechpawlinow/usermanagement/internal/config/config.go:72.2,72.22 1 1
github.com/wojciechpawlinow/usermanagement/internal/domain/id.go:14.17,16.2 1 6
github.com/wojciechpawlinow/usermanagement/internal/domain/id.go:18.37,20.16 2 0
github.com/wojciechpawlinow/usermanagement/internal/domain/id.go:20.16,22.3 1 0
github.com/wojciechpawlinow/usermanagement/internal/domain/id.go:24.2,24.34 1 0
github.com/wojciechpawlinow/usermanagement/internal/domain/id.go:27.30,29.2 1 5
github.com/wojciechpawlinow/usermanagement/internal/domain/id.go:31.35,33.2 1 0
github.com/wojciechpawlinow/usermanagement/internal/domain/id.go:35.29,37.2 1 0
github.com/wojciechpawlinow/usermanagement/internal/domain/id.go:39.44,41.2 1 8
github.com/wojciechpawlinow/usermanagement/internal/domain/id.go:43.47,45.16 2 0
github.com/wojciechpawlinow/usermanagement/internal/domain/id.go:45.16,47.3 1 0
github.com/wojciechpawlinow/usermanagement/internal/domain/id.go:49.2,51.12 2 0
github.com/wojciechpawlinow/usermanagement/internal/infrastructure/httpserver/handlers/http_user.go:59.95,64.2 1 16
github.com/wojciechpawlinow/usermanagement/internal/infrastructure/httpserver/handlers/http_user.go:66.54,68.47 2 3
github.com/wojciechpawlinow/usermanagement/internal/infrastructure/httpserver/handlers/http_user.go:68.47,71.3 2 1
github.com/wojciechpawlinow/usermanagement/internal/infrastructure/httpserver/handlers/http_user.go:73.2,73.48 1 2
github.com/wojciechpawlinow/usermanagement/internal/infrastructure/httpserver/handlers/http_user.go:73.48,76.3 2 0
github.com/wojciechpawlinow/usermanagement/internal/infrastructure/httpserver/handlers/http_user.go:78.2,79.16 2 2
github.com/wojciechpawlinow/usermanagement/internal/infrastructure/httpserver/handlers/http_user.go:79.16,82.3 2 0
github.com/wojciechpawlinow/usermanagement/internal/infrastructure/httpserver/handlers/http_user.go:84.2,97.37 4 2
github.com/wojciechpawlinow/usermanagement/internal/infrastructure/httpserver/handlers/http_user.go:97.37,98.63 1 2
github.com/wojciechpawlinow/usermanagement/internal/infrastructure/httpserver/handlers/http_user.go:98.63,107.4 1 2
github.com/wojciechpawlinow/usermanagement/internal/infrastructure/httpserver/handlers/http_user.go:108.3,108.58 1 2
github.com/wojciechpawlinow/usermanagement/internal/infrastructure/httpserver/handlers/http_user.go:111.2,111.80 1 2
github.com/wojciechpawlinow/usermanagement/internal/infrastructure/httpserver/handlers/http_user.go:111.80,112.10 1 1
github.com/wojciechpawlinow/usermanagement/internal/infrastructure/httpserver/handlers/http_user.go:113.51,114.71 1 1
github.com/wojciechpawlinow/usermanagement/internal/infrastructure/httpserver/handlers/http_user.go:115.11,117.83 2 0
github.com/wojciechpawlinow/usermanagement/internal/infrastructure/httpserver/handlers/http_user.go:119.3,119.9 1 1
github.com/wojciechpawlinow/usermanagement/internal/infrastructure/httpserver/handlers/http_user.go:122.2,122.72 1 1
github.com/wojciechpawlinow/usermanagement/internal/infrastructure/httpserver/handlers/http_user.go:125.54,127.46 2 4
github.com/wojciechpawlinow/usermanagement/internal/infrastructure/httpserver/handlers/http_user.go:127.46,130.3 2 1
github.com/wojciechpawlinow/usermanagement/internal/infrastructure/httpserver/handlers/http_user.go:132.2,133.47 2 3
github.com/wojciechpawlinow/usermanagement/internal/infrastructure/httpserver/handlers/http_user.go:133.47,136.3 2 0
github.com/wojciechpawlinow/usermanagement/internal/infrastructure/httpserver/handlers/http_user.go:138.2,138.48 1 3
github.com/wojciechpawlinow/usermanagement/internal/infrastructure/httpserver/handlers/http_user.go:138.48,141.3 2 1
github.com/wojciechpawlinow/usermanagement/internal/infrastructure/httpserver/handlers/http_user.go:143.2,150.25 2 2
github.com/wojciechpawlinow/usermanagement/internal/infrastructure/httpserver/handlers/http_user.go:150.25,152.17 2 0
github.com/wojciechpawlinow/usermanagement/internal/infrastructure/httpserver/handlers/http_user.go:152.17,155.4 2 0
github.com/wojciechpawlinow/usermanagement/internal/infrastructure/httpserver/handlers/http_user.go:157.3,157.43 1 0
github.com/wojciechpawlinow/usermanagement/internal/infrastructure/httpserver/handlers/http_user.go:160.2,161.37 2 2
github.com/wojciechpawlinow/usermanagement/internal/infrastructure/httpserver/handlers/http_user.go:161.37,162.63 1 1
github.com/wojciechpawlinow/usermanagement/internal/infrastructure/httpserver/handlers/http_user.go:162.63,171.4 1 1
github.com/wojciechpawlinow/usermanagement/internal/infrastructure/httpserver/handlers/http_user.go:172.3,172.58 1 1
github.com/wojciechpawlinow/usermanagement/internal/infrastructure/httpserver/handlers/http_user.go:175.2,175.89 1 2
github.com/wojciechpawlinow/usermanagement/internal/infrastructure/httpserver/handlers/http_user.go:175.89,176.10 1 1
github.com/wojciechpawlinow/usermanagement/internal/infrastructure/httpserver/handlers/http_user.go:177.41,178.65 1 1
github.com/wojciechpawlinow/usermanagement/internal/infrastructure/httpserver/handlers/http_user.go:179.11,181.83 2 0
github.com/wojciechpawlinow/usermanagement/internal/infrastructure/httpserver/handlers/http_user.go:183.3,183.9 1 1
github.com/wojciechpawlinow/usermanagement/internal/infrastructure/httpserver/handlers/http_user.go:186.2,186.29 1 1
github.com/wojciechpawlinow/usermanagement/internal/infrastructure/httpserver/handlers/http_user.go:189.54,191.46 2 4
github.com/wojciechpawlinow/usermanagement/internal/infrastructure/httpserver/handlers/http_user.go:191.46,194.3 2 1
github.com/wojciechpawlinow/usermanagement/internal/infrastructure/httpserver/handlers/http_user.go:196.2,196.74 1 3
github.com/wojciechpawlinow/usermanagement/internal/infrastructure/httpserver/handlers/http_user.go:196.74,197.10 1 2
github.com/wojciechpawlinow/usermanagement/internal/infrastructure/httpserver/handlers/http_user.go:198.41,199.65 1 1
github.com/wojciechpawlinow/usermanagement/internal/infrastructure/httpserver/handlers/http_user.go:200.11,202.83 2 1
github.com/wojciechpawlinow/usermanagement/internal/infrastructure/httpserver/handlers/http_user.go:204.3,204.9 1 2
github.com/wojciechpawlinow/usermanagement/internal/infrastructure/httpserver/handlers/http_user.go:207.2,207.29 1 1
github.com/wojciechpawlinow/usermanagement/internal/infrastructure/httpserver/handlers/http_user.go:210.51,212.46 2 3
github.com/wojciechpawlinow/usermanagement/internal/infrastructure/httpserver/handlers/http_user.go:212.46,215.3 2 1
github.com/wojciechpawlinow/usermanagement/internal/infrastructure/httpserver/handlers/http_user.go:217.2,218.16 2 2
github.com/wojciechpawlinow/usermanagement/internal/infrastructure/httpserver/handlers/http_user.go:218.16,219.10 1 1
github.com/wojciechpawlinow/usermanagement/internal/infrastructure/httpserver/handlers/http_user.go:220.41,221.65 1 0
github.com/wojciechpawlinow/usermanagement/internal/infrastructure/httpserver/handlers/http_user.go:222.11,224.83 2 1
github.com/wojciechpawlinow/usermanagement/internal/infrastructure/httpserver/handlers/http_user.go:226.3,226.9 1 1
github.com/wojciechpawlinow/usermanagement/internal/infrastructure/httpserver/handlers/http_user.go:229.2,229.35 1 1
github.com/wojciechpawlinow/usermanagement/internal/infrastructure/httpserver/handlers/http_user.go:232.47,235.16 3 2
github.com/wojciechpawlinow/usermanagement/internal/infrastructure/httpserver/handlers/http_user.go:235.16,238.3 2 0
github.com/wojciechpawlinow/usermanagement/internal/infrastructure/httpserver/handlers/http_user.go:239.2,241.16 3 2
github.com/wojciechpawlinow/usermanagement/internal/infrastructure/httpserver/handlers/http_user.go:241.16,244.3 2 1
github.com/wojciechpawlinow/usermanagement/internal/infrastructure/httpserver/handlers/http_user.go:246.2,247.16 2 1
github.com/wojciechpawlinow/usermanagement/internal/infrastructure/httpserver/handlers/http_user.go:247.16,251.3 3 0
github.com/wojciechpawlinow/usermanagement/internal/infrastructure/httpserver/handlers/http_user.go:253.2,253.36 1 1
github.com/wojciechpawlinow/usermanagement/internal/infrastructure/httpserver/handlers/http_user.go:256.52,258.16 2 2
github.com/wojciechpawlinow/usermanagement/internal/infrastructure/httpserver/handlers/http_user.go:258.16,260.3 1 0
github.com/wojciechpawlinow/usermanagement/internal/infrastructure/httpserver/handlers/http_user.go:262.2,262.36 1 2
github.com/wojciechpawlinow/usermanagement/tests/mocks/applicaion/service/user_mock.go:18.89,22.2 2 2
github.com/wojciechpawlinow/usermanagement/tests/mocks/applicaion/service/user_mock.go:24.104,28.2 2 2
github.com/wojciechpawlinow/usermanagement/tests/mocks/applicaion/service/user_mock.go:30.76,34.2 2 3
github.com/wojciechpawlinow/usermanagement/tests/mocks/applicaion/service/user_mock.go:36.94,39.49 2 1
github.com/wojciechpawlinow/usermanagement/tests/mocks/applicaion/service/user_mock.go:39.49,41.3 1 1
github.com/wojciechpawlinow/usermanagement/tests/mocks/applicaion/service/user_mock.go:43.2,43.27 1 0
github.com/wojciechpawlinow/usermanagement/tests/mocks/applicaion/service/user_mock.go:46.93,49.47 2 2
github.com/wojciechpawlinow/usermanagement/tests/mocks/applicaion/service/user_mock.go:49.47,51.3 1 1
github.com/wojciechpawlinow/usermanagement/tests/mocks/applicaion/service/user_mock.go:53.2,53.27 1 1
